<?xml version="1.0" encoding="UTF-8"?>
<!-- Generated by org.testng.reporters.JUnitReportReporter -->
<testsuite hostname="LAPTOP-881L0U0U" failures="0" tests="1" name="testCases.TC01_AccRegTest" time="2.525" errors="0" timestamp="2025-09-07T00:44:57 IST" skipped="0">
  <testcase classname="testCases.TC01_AccRegTest" name="verify_acc_reg" time="2.525"/>
</testsuite> <!-- testCases.TC01_AccRegTest -->
